app/build/outputs/logs/manifest-merger-debug-report.txt
-- Merging decision tree log ---
manifest
ADDED from src/main/AndroidManifest.xml:2:1-198:12
	package
		ADDED from src/main/AndroidManifest.xml:3:5-33
		INJECTED from src/main/AndroidManifest.xml
		INJECTED from src/main/AndroidManifest.xml
	android:versionName
		ADDED from src/main/AndroidManifest.xml:5:5-30
		INJECTED from src/main/AndroidManifest.xml
		INJECTED from src/main/AndroidManifest.xml
	android:versionCode
		ADDED from src/main/AndroidManifest.xml:4:5-28
		INJECTED from src/main/AndroidManifest.xml
		INJECTED from src/main/AndroidManifest.xml
	xmlns:android
		ADDED from src/main/AndroidManifest.xml:2:11-69
uses-sdk
ADDED from src/main/AndroidManifest.xml:7:5-9:41
MERGED from [com.android.support:design:23.0.1] AndroidManifest.xml:20:5-43
MERGED from [com.android.support:support-v4:23.0.1] AndroidManifest.xml:20:5-43
MERGED from [com.android.support:appcompat-v7:23.0.1] AndroidManifest.xml:20:5-43
MERGED from [com.android.support:support-v4:23.0.1] AndroidManifest.xml:20:5-43
	android:targetSdkVersion
		ADDED from src/main/AndroidManifest.xml:9:9-38
		INJECTED from src/main/AndroidManifest.xml
		INJECTED from src/main/AndroidManifest.xml
	android:minSdkVersion
		ADDED from src/main/AndroidManifest.xml:8:9-34
		INJECTED from src/main/AndroidManifest.xml
		INJECTED from src/main/AndroidManifest.xml
uses-permission#com.android.browser.permission.READ_HISTORY_BOOKMARKS
ADDED from src/main/AndroidManifest.xml:11:5-93
	android:name
		ADDED from src/main/AndroidManifest.xml:11:22-90
uses-permission#android.permission.PROCESS_OUTGOING_CALLS
ADDED from src/main/AndroidManifest.xml:12:5-81
	android:name
		ADDED from src/main/AndroidManifest.xml:12:22-78
uses-permission#android.permission.READ_CALL_LOG
ADDED from src/main/AndroidManifest.xml:13:5-72
	android:name
		ADDED from src/main/AndroidManifest.xml:13:22-69
uses-permission#android.permission.WRITE_CALL_LOG
ADDED from src/main/AndroidManifest.xml:14:5-73
	android:name
		ADDED from src/main/AndroidManifest.xml:14:22-70
uses-permission#android.permission.READ_PHONE_STATE
ADDED from src/main/AndroidManifest.xml:15:5-75
	android:name
		ADDED from src/main/AndroidManifest.xml:15:22-72
uses-permission#android.permission.RECORD_AUDIO
ADDED from src/main/AndroidManifest.xml:16:5-71
	android:name
		ADDED from src/main/AndroidManifest.xml:16:22-68
uses-permission#android.permission.WRITE_EXTERNAL_STORAGE
ADDED from src/main/AndroidManifest.xml:17:5-81
	android:name
		ADDED from src/main/AndroidManifest.xml:17:22-78
uses-permission#android.permission.READ_EXTERNAL_STORAGE
ADDED from src/main/AndroidManifest.xml:18:5-79
	android:name
		ADDED from src/main/AndroidManifest.xml:18:22-77
uses-permission#android.permission.STORAGE
ADDED from src/main/AndroidManifest.xml:19:5-66
	android:name
		ADDED from src/main/AndroidManifest.xml:19:22-63
uses-permission#android.permission.READ_SMS
ADDED from src/main/AndroidManifest.xml:20:5-67
	android:name
		ADDED from src/main/AndroidManifest.xml:20:22-64
uses-permission#android.permission.RECEIVE_SMS
ADDED from src/main/AndroidManifest.xml:21:5-70
	android:name
		ADDED from src/main/AndroidManifest.xml:21:22-67
uses-permission#android.permission.READ_CONTACTS
ADDED from src/main/AndroidManifest.xml:22:5-72
	android:name
		ADDED from src/main/AndroidManifest.xml:22:22-69
uses-permission#android.permission.WRITE_CONTACTS
ADDED from src/main/AndroidManifest.xml:23:5-73
	android:name
		ADDED from src/main/AndroidManifest.xml:23:22-70
uses-permission#android.permission.SEND_SMS
ADDED from src/main/AndroidManifest.xml:24:5-67
	android:name
		ADDED from src/main/AndroidManifest.xml:24:22-64
uses-permission#android.permission.INTERNET
ADDED from src/main/AndroidManifest.xml:25:5-67
	android:name
		ADDED from src/main/AndroidManifest.xml:25:22-64
uses-permission#android.permission.CALL_PHONE
ADDED from src/main/AndroidManifest.xml:26:5-69
	android:name
		ADDED from src/main/AndroidManifest.xml:26:22-66
uses-permission#android.permission.RECEIVE_BOOT_COMPLETED
ADDED from src/main/AndroidManifest.xml:28:5-81
	android:name
		ADDED from src/main/AndroidManifest.xml:28:22-78
uses-permission#android.permission.ACCESS_FINE_LOCATION
ADDED from src/main/AndroidManifest.xml:29:5-79
	android:name
		ADDED from src/main/AndroidManifest.xml:29:22-76
uses-permission#android.permission.ACCESS_COARSE_LOCATION
ADDED from src/main/AndroidManifest.xml:30:5-81
	android:name
		ADDED from src/main/AndroidManifest.xml:30:22-78
uses-permission#android.permission.ACCESS_LOCATION
ADDED from src/main/AndroidManifest.xml:31:5-74
	android:name
		ADDED from src/main/AndroidManifest.xml:31:22-71
uses-permission#android.permission.ACCESS_NETWORK_STATE
ADDED from src/main/AndroidManifest.xml:32:5-79
	android:name
		ADDED from src/main/AndroidManifest.xml:32:22-76
uses-permission#com.android.email.permission.ACCESS_PROVIDER
ADDED from src/main/AndroidManifest.xml:33:5-84
	android:name
		ADDED from src/main/AndroidManifest.xml:33:22-81
uses-permission#com.android.launcher.permission.INSTALL_SHORTCUT
ADDED from src/main/AndroidManifest.xml:34:5-88
	android:name
		ADDED from src/main/AndroidManifest.xml:34:22-85
uses-permission#android.permission.WAKE_LOCK
ADDED from src/main/AndroidManifest.xml:35:6-68
	android:name
		ADDED from src/main/AndroidManifest.xml:35:23-66
application
ADDED from src/main/AndroidManifest.xml:37:5-196:19
MERGED from [com.android.support:design:23.0.1] AndroidManifest.xml:22:5-20
MERGED from [com.android.support:support-v4:23.0.1] AndroidManifest.xml:22:5-20
MERGED from [com.android.support:appcompat-v7:23.0.1] AndroidManifest.xml:22:5-20
MERGED from [com.android.support:support-v4:23.0.1] AndroidManifest.xml:22:5-20
	android:label
		ADDED from src/main/AndroidManifest.xml:41:9-41
	android:allowBackup
		ADDED from src/main/AndroidManifest.xml:39:9-35
	android:icon
		ADDED from src/main/AndroidManifest.xml:40:9-43
	android:theme
		ADDED from src/main/AndroidManifest.xml:42:9-40
	android:name
		ADDED from src/main/AndroidManifest.xml:38:9-30
service#com.enuke.monitor.AndroidWatchdogService
ADDED from src/main/AndroidManifest.xml:43:9-76
	android:name
		ADDED from src/main/AndroidManifest.xml:43:18-73
receiver#com.enuke.monitor.AndroidBroadcastReceiver
ADDED from src/main/AndroidManifest.xml:45:9-51:20
	android:name
		ADDED from src/main/AndroidManifest.xml:45:19-76
intent-filter#android.intent.action.BOOT_COMPLETED+android.intent.action.PHONE_STATE+android.intent.action.USER_PRESENT
ADDED from src/main/AndroidManifest.xml:46:13-50:29
action#android.intent.action.BOOT_COMPLETED
ADDED from src/main/AndroidManifest.xml:47:17-79
	android:name
		ADDED from src/main/AndroidManifest.xml:47:25-76
action#android.intent.action.USER_PRESENT
ADDED from src/main/AndroidManifest.xml:48:17-77
	android:name
		ADDED from src/main/AndroidManifest.xml:48:25-74
action#android.intent.action.PHONE_STATE
ADDED from src/main/AndroidManifest.xml:49:17-76
	android:name
		ADDED from src/main/AndroidManifest.xml:49:25-73
activity#com.enuke.smartapp.NotificationPage
ADDED from src/main/AndroidManifest.xml:53:9-54:20
	android:name
		ADDED from src/main/AndroidManifest.xml:53:19-51
activity#com.enuke.smartapp.LoginActivity
ADDED from src/main/AndroidManifest.xml:61:9-69:20
	android:screenOrientation
		ADDED from src/main/AndroidManifest.xml:63:13-49
	android:name
		ADDED from src/main/AndroidManifest.xml:62:13-42
intent-filter#android.intent.action.MAIN+android.intent.category.LAUNCHER
ADDED from src/main/AndroidManifest.xml:65:13-68:29
action#android.intent.action.MAIN
ADDED from src/main/AndroidManifest.xml:66:17-69
	android:name
		ADDED from src/main/AndroidManifest.xml:66:25-66
category#android.intent.category.LAUNCHER
ADDED from src/main/AndroidManifest.xml:67:17-77
	android:name
		ADDED from src/main/AndroidManifest.xml:67:27-74
activity#com.enuke.smartapp.SignUpActivity
ADDED from src/main/AndroidManifest.xml:71:11-75:20
	android:screenOrientation
		ADDED from src/main/AndroidManifest.xml:73:13-49
	android:windowSoftInputMode
		ADDED from src/main/AndroidManifest.xml:74:13-54
	android:name
		ADDED from src/main/AndroidManifest.xml:72:13-43
activity#com.enuke.smartapp.LoginScreen
ADDED from src/main/AndroidManifest.xml:76:9-80:20
	android:screenOrientation
		ADDED from src/main/AndroidManifest.xml:78:13-49
	android:windowSoftInputMode
		ADDED from src/main/AndroidManifest.xml:79:13-54
	android:name
		ADDED from src/main/AndroidManifest.xml:77:13-40
activity#com.enuke.smartapp.RegistrationActivtiy
ADDED from src/main/AndroidManifest.xml:81:9-85:20
	android:screenOrientation
		ADDED from src/main/AndroidManifest.xml:83:13-49
	android:windowSoftInputMode
		ADDED from src/main/AndroidManifest.xml:84:13-54
	android:name
		ADDED from src/main/AndroidManifest.xml:82:13-49
activity#com.enuke.smartapp.ChangePINpass
ADDED from src/main/AndroidManifest.xml:86:9-91:20
	android:screenOrientation
		ADDED from src/main/AndroidManifest.xml:89:13-49
	android:windowSoftInputMode
		ADDED from src/main/AndroidManifest.xml:90:13-54
	android:configChanges
		ADDED from src/main/AndroidManifest.xml:88:13-48
	android:name
		ADDED from src/main/AndroidManifest.xml:87:13-42
activity#com.enuke.smartapp.Home
ADDED from src/main/AndroidManifest.xml:92:9-95:20
	android:screenOrientation
		ADDED from src/main/AndroidManifest.xml:94:13-49
	android:name
		ADDED from src/main/AndroidManifest.xml:93:13-33
activity#com.enuke.smartapp.UpdateProfile
ADDED from src/main/AndroidManifest.xml:96:9-97:20
	android:name
		ADDED from src/main/AndroidManifest.xml:96:19-48
receiver#com.enuke.smartapp.call.receiver.CallStateChangedReceiver
ADDED from src/main/AndroidManifest.xml:99:9-103:20
	android:name
		ADDED from src/main/AndroidManifest.xml:99:19-91
intent-filter#android.intent.action.PHONE_STATE
ADDED from src/main/AndroidManifest.xml:100:13-102:29
	android:priority
		ADDED from src/main/AndroidManifest.xml:100:28-51
receiver#com.enuke.smartapp.SendDataReceiver
ADDED from src/main/AndroidManifest.xml:104:9-111:20
	android:name
		ADDED from src/main/AndroidManifest.xml:104:19-51
intent-filter#android.intent.action.BOOT_COMPLETED
ADDED from src/main/AndroidManifest.xml:105:13-107:29
	android:priority
		ADDED from src/main/AndroidManifest.xml:105:28-51
intent-filter#android.net.conn.CONNECTIVITY_CHANGE
ADDED from src/main/AndroidManifest.xml:108:13-110:29
	android:priority
		ADDED from src/main/AndroidManifest.xml:108:28-51
action#android.net.conn.CONNECTIVITY_CHANGE
ADDED from src/main/AndroidManifest.xml:109:17-79
	android:name
		ADDED from src/main/AndroidManifest.xml:109:25-76
receiver#com.enuke.smartapp.sms.receiver.ReadSmsReceiver
ADDED from src/main/AndroidManifest.xml:112:9-118:20
	android:name
		ADDED from src/main/AndroidManifest.xml:112:19-63
intent-filter#android.provider.Telephony.NEW_OUTGOING_SMS+android.provider.Telephony.SMS_RECEIVED
ADDED from src/main/AndroidManifest.xml:113:13-117:29
	android:priority
		ADDED from src/main/AndroidManifest.xml:113:28-51
action#android.provider.Telephony.SMS_RECEIVED
ADDED from src/main/AndroidManifest.xml:114:17-115:26
	android:name
		ADDED from src/main/AndroidManifest.xml:114:25-79
action#android.provider.Telephony.NEW_OUTGOING_SMS
ADDED from src/main/AndroidManifest.xml:116:17-86
	android:name
		ADDED from src/main/AndroidManifest.xml:116:25-83
receiver#com.enuke.smartapp.StartHomeReceiver
ADDED from src/main/AndroidManifest.xml:119:9-124:20
	android:name
		ADDED from src/main/AndroidManifest.xml:119:19-52
intent-filter#android.intent.action.NEW_OUTGOING_CALL
ADDED from src/main/AndroidManifest.xml:120:13-123:29
	android:priority
		ADDED from src/main/AndroidManifest.xml:120:28-51
action#android.intent.action.NEW_OUTGOING_CALL
ADDED from src/main/AndroidManifest.xml:121:17-122:26
	android:name
		ADDED from src/main/AndroidManifest.xml:121:25-79
receiver#com.enuke.smartapp.installappdetails.PackageChangeReceiver
ADDED from src/main/AndroidManifest.xml:125:9-137:20
	android:name
		ADDED from src/main/AndroidManifest.xml:125:19-92
intent-filter#android.intent.action.PACKAGE_ADDED+android.intent.action.PACKAGE_CHANGED+android.intent.action.PACKAGE_DATA_CLEARED+android.intent.action.PACKAGE_INSTALL+android.intent.action.PACKAGE_REMOVED+android.intent.action.PACKAGE_REPLACED+android.intent.action.PACKAGE_RESTARTED
ADDED from src/main/AndroidManifest.xml:126:13-136:29
action#android.intent.action.PACKAGE_ADDED
ADDED from src/main/AndroidManifest.xml:127:17-78
	android:name
		ADDED from src/main/AndroidManifest.xml:127:25-75
action#android.intent.action.PACKAGE_CHANGED
ADDED from src/main/AndroidManifest.xml:128:17-80
	android:name
		ADDED from src/main/AndroidManifest.xml:128:25-77
action#android.intent.action.PACKAGE_INSTALL
ADDED from src/main/AndroidManifest.xml:129:17-80
	android:name
		ADDED from src/main/AndroidManifest.xml:129:25-77
action#android.intent.action.PACKAGE_REMOVED
ADDED from src/main/AndroidManifest.xml:130:17-80
	android:name
		ADDED from src/main/AndroidManifest.xml:130:25-77
action#android.intent.action.PACKAGE_REPLACED
ADDED from src/main/AndroidManifest.xml:131:17-81
	android:name
		ADDED from src/main/AndroidManifest.xml:131:25-78
action#android.intent.action.PACKAGE_RESTARTED
ADDED from src/main/AndroidManifest.xml:132:17-82
	android:name
		ADDED from src/main/AndroidManifest.xml:132:25-79
action#android.intent.action.PACKAGE_DATA_CLEARED
ADDED from src/main/AndroidManifest.xml:133:17-85
	android:name
		ADDED from src/main/AndroidManifest.xml:133:25-82
data
ADDED from src/main/AndroidManifest.xml:135:17-50
	android:scheme
		ADDED from src/main/AndroidManifest.xml:135:23-47
service#com.enuke.smartapp.sms.service.ReadSmsService
ADDED from src/main/AndroidManifest.xml:139:9-81
	android:name
		ADDED from src/main/AndroidManifest.xml:139:18-78
service#com.enuke.smartapp.call.service.CallLogSendDataService
ADDED from src/main/AndroidManifest.xml:140:9-90
	android:name
		ADDED from src/main/AndroidManifest.xml:140:18-87
service#com.enuke.smartapp.call.service.CallRecordSaveDataService
ADDED from src/main/AndroidManifest.xml:141:9-93
	android:name
		ADDED from src/main/AndroidManifest.xml:141:18-90
service#com.enuke.smartapp.SendDataService
ADDED from src/main/AndroidManifest.xml:142:9-70
	android:name
		ADDED from src/main/AndroidManifest.xml:142:18-67
service#com.enuke.smartapp.SendSaveDataService
ADDED from src/main/AndroidManifest.xml:143:9-74
	android:name
		ADDED from src/main/AndroidManifest.xml:143:18-71
service#com.enuke.smartapp.browser.SendBrowserDataService
ADDED from src/main/AndroidManifest.xml:144:9-145:19
	android:name
		ADDED from src/main/AndroidManifest.xml:144:18-64
meta-data#com.avrtumsdx.qeqdfxezh151685.APPID
ADDED from src/main/AndroidManifest.xml:147:9-149:38
	android:value
		ADDED from src/main/AndroidManifest.xml:149:13-35
	android:name
		ADDED from src/main/AndroidManifest.xml:148:13-63
meta-data#com.avrtumsdx.qeqdfxezh151685.APIKEY
ADDED from src/main/AndroidManifest.xml:150:9-152:60
	android:value
		ADDED from src/main/AndroidManifest.xml:152:13-57
	android:name
		ADDED from src/main/AndroidManifest.xml:151:13-64
activity#com.avrtumsdx.qeqdfxezh151685.SmartWallActivity
ADDED from src/main/AndroidManifest.xml:154:9-158:64
	android:exported
		ADDED from src/main/AndroidManifest.xml:157:13-37
	android:configChanges
		ADDED from src/main/AndroidManifest.xml:156:13-59
	android:theme
		ADDED from src/main/AndroidManifest.xml:158:13-61
	android:name
		ADDED from src/main/AndroidManifest.xml:155:13-75
activity#com.avrtumsdx.qeqdfxezh151685.BrowserActivity
ADDED from src/main/AndroidManifest.xml:159:9-161:62
	android:configChanges
		ADDED from src/main/AndroidManifest.xml:161:13-59
	android:name
		ADDED from src/main/AndroidManifest.xml:160:13-73
service#com.avrtumsdx.qeqdfxezh151685.PushService
ADDED from src/main/AndroidManifest.xml:163:9-165:40
	android:exported
		ADDED from src/main/AndroidManifest.xml:165:13-37
	android:name
		ADDED from src/main/AndroidManifest.xml:164:13-69
receiver#com.avrtumsdx.qeqdfxezh151685.BootReceiver
ADDED from src/main/AndroidManifest.xml:167:9-175:20
	android:exported
		ADDED from src/main/AndroidManifest.xml:169:13-37
	android:name
		ADDED from src/main/AndroidManifest.xml:168:13-70
intent-filter#android.intent.action.BOOT_COMPLETED+android.intent.category.HOME
ADDED from src/main/AndroidManifest.xml:170:13-174:29
category#android.intent.category.HOME
ADDED from src/main/AndroidManifest.xml:173:17-73
	android:name
		ADDED from src/main/AndroidManifest.xml:173:27-70
receiver#com.enuke.adminreciever.CustomDeviceAdminReceiver
ADDED from src/main/AndroidManifest.xml:179:9-192:20
	android:permission
		ADDED from src/main/AndroidManifest.xml:181:13-70
	android:name
		ADDED from src/main/AndroidManifest.xml:180:13-77
intent-filter#android.app.action.DEVICE_ADMIN_ENABLED
ADDED from src/main/AndroidManifest.xml:182:13-186:29
action#android.app.action.DEVICE_ADMIN_ENABLED
ADDED from src/main/AndroidManifest.xml:185:17-82
	android:name
		ADDED from src/main/AndroidManifest.xml:185:25-79
meta-data#android.app.device_admin
ADDED from src/main/AndroidManifest.xml:189:13-191:63
	android:resource
		ADDED from src/main/AndroidManifest.xml:191:17-60
	android:name
		ADDED from src/main/AndroidManifest.xml:190:17-56
receiver#com.enuke.smartapp.phonenetwork.AlarmManagerBroadcastReceiver
ADDED from src/main/AndroidManifest.xml:194:10-195:20
	android:name
		ADDED from src/main/AndroidManifest.xml:194:20-96